2025-12-30 13:42:21,198 - root - INFO - Logging initialized. Log file: logs/app_20251230.log
2025-12-30 13:42:21,467 - __main__ - INFO - Starting Secure OSINT Storage System...
2025-12-30 13:42:21,755 - core.security - INFO - Security monitor initialized
2025-12-30 13:42:21,756 - core.backup - INFO - Backup manager initialized. Backups stored in: data/backups
2025-12-30 13:42:21,822 - gui.main_window - INFO - Main application initialized
2025-12-30 13:42:22,050 - __main__ - INFO - Entering main loop
2025-12-30 13:43:09,233 - gui.auth_window - ERROR - Register error: 'EncryptionManager' object has no attribute 'generate_salt'
2025-12-30 13:55:19,549 - root - INFO - Logging initialized. Log file: logs/app_20251230.log
2025-12-30 13:55:20,117 - __main__ - INFO - Starting Secure OSINT Storage System...
2025-12-30 13:55:20,475 - core.security - INFO - Security monitor initialized
2025-12-30 13:55:20,478 - core.backup - INFO - Backup manager initialized. Backups stored in: data/backups
2025-12-30 13:55:20,556 - gui.main_window - INFO - Main application initialized
2025-12-30 13:55:21,046 - __main__ - INFO - Entering main loop
2025-12-30 13:57:18,040 - core.database - ERROR - Query failed: table users has no column named role
Query: 
                INSERT INTO users (username, email, password_hash, salt, created_at, role)
                VALUES (?, ?, ?, ?, datetime('now'), 'user')
            
Params: ('admin', 'manankamboj66@gmail.com', '5fb8a82130b7299c0efa01a9802ee357993d0ce5a7c216187ff64f1fcdccb489', b'"\xd4\xcbG\x1e, NWfC\xde\xdb\xfes\xdb\xf3{\x1a\xe82\xaa{\xdb\xe9M0v.\x1f\xe28')
2025-12-30 13:57:18,040 - gui.auth_window - ERROR - Register error: table users has no column named role
2025-12-30 14:04:44,317 - root - INFO - Logging initialized. Log file: logs/app_20251230.log
2025-12-30 14:04:44,503 - __main__ - INFO - Starting Secure OSINT Storage System...
2025-12-30 14:04:44,762 - core.security - INFO - Security monitor initialized
2025-12-30 14:04:44,763 - core.backup - INFO - Backup manager initialized. Backups stored in: data/backups
2025-12-30 14:04:44,815 - gui.main_window - INFO - Main application initialized
2025-12-30 14:04:45,027 - __main__ - INFO - Entering main loop
2025-12-30 14:05:22,782 - gui.auth_window - ERROR - Login error: 'sqlite3.Row' object has no attribute 'get'
2025-12-30 14:05:59,946 - gui.main_window - INFO - Cleaning up resources...
2025-12-30 14:05:59,952 - gui.main_window - INFO - Cleanup completed
2025-12-30 14:07:15,275 - root - INFO - Logging initialized. Log file: logs/app_20251230.log
2025-12-30 14:07:15,570 - __main__ - INFO - Starting Secure OSINT Storage System...
2025-12-30 14:07:15,885 - core.security - INFO - Security monitor initialized
2025-12-30 14:07:15,886 - core.backup - INFO - Backup manager initialized. Backups stored in: data/backups
2025-12-30 14:07:15,956 - gui.main_window - INFO - Main application initialized
2025-12-30 14:07:16,284 - __main__ - INFO - Entering main loop
2025-12-30 14:14:10,678 - gui.main_window - ERROR - Failed to load panel dashboard: cannot import name 'DashboardPanel' from 'gui.dashboard' (/home/hackxtra/Documents/Software/Project-OSdb/gui/dashboard.py)
2025-12-30 14:14:30,039 - gui.main_window - ERROR - Failed to load panel dashboard: cannot import name 'DashboardPanel' from 'gui.dashboard' (/home/hackxtra/Documents/Software/Project-OSdb/gui/dashboard.py)
2025-12-30 14:14:31,958 - gui.main_window - ERROR - Failed to load panel dashboard: cannot import name 'DashboardPanel' from 'gui.dashboard' (/home/hackxtra/Documents/Software/Project-OSdb/gui/dashboard.py)
2025-12-30 14:14:32,658 - gui.main_window - ERROR - Failed to load panel credentials: cannot import name 'CredentialsManager' from 'gui.credentials_manager' (/home/hackxtra/Documents/Software/Project-OSdb/gui/credentials_manager.py)
2025-12-30 14:14:33,295 - gui.main_window - ERROR - Failed to load panel dashboard: cannot import name 'DashboardPanel' from 'gui.dashboard' (/home/hackxtra/Documents/Software/Project-OSdb/gui/dashboard.py)
2025-12-30 14:14:38,947 - gui.main_window - ERROR - Failed to load panel dashboard: cannot import name 'DashboardPanel' from 'gui.dashboard' (/home/hackxtra/Documents/Software/Project-OSdb/gui/dashboard.py)
2025-12-30 14:14:40,846 - gui.main_window - ERROR - Failed to load panel dashboard: cannot import name 'DashboardPanel' from 'gui.dashboard' (/home/hackxtra/Documents/Software/Project-OSdb/gui/dashboard.py)
2025-12-30 14:14:41,372 - gui.main_window - ERROR - Failed to load panel dashboard: cannot import name 'DashboardPanel' from 'gui.dashboard' (/home/hackxtra/Documents/Software/Project-OSdb/gui/dashboard.py)
2025-12-30 14:14:41,576 - gui.main_window - ERROR - Failed to load panel dashboard: cannot import name 'DashboardPanel' from 'gui.dashboard' (/home/hackxtra/Documents/Software/Project-OSdb/gui/dashboard.py)
2025-12-30 14:14:41,769 - gui.main_window - ERROR - Failed to load panel dashboard: cannot import name 'DashboardPanel' from 'gui.dashboard' (/home/hackxtra/Documents/Software/Project-OSdb/gui/dashboard.py)
2025-12-30 14:14:42,680 - gui.main_window - ERROR - Failed to load panel dashboard: cannot import name 'DashboardPanel' from 'gui.dashboard' (/home/hackxtra/Documents/Software/Project-OSdb/gui/dashboard.py)
2025-12-30 14:14:43,245 - gui.main_window - ERROR - Failed to load panel credentials: cannot import name 'CredentialsManager' from 'gui.credentials_manager' (/home/hackxtra/Documents/Software/Project-OSdb/gui/credentials_manager.py)
2025-12-30 14:14:47,644 - gui.main_window - INFO - Cleaning up resources...
2025-12-30 14:14:47,647 - gui.main_window - INFO - Cleanup completed
2025-12-30 14:17:04,966 - root - INFO - Logging initialized. Log file: logs/app_20251230.log
2025-12-30 14:17:05,882 - __main__ - INFO - Starting Secure OSINT Storage System...
2025-12-30 14:17:06,194 - core.security - INFO - Security monitor initialized
2025-12-30 14:17:06,196 - core.backup - INFO - Backup manager initialized. Backups stored in: data/backups
2025-12-30 14:17:06,262 - gui.main_window - INFO - Main application initialized
2025-12-30 14:17:06,593 - __main__ - INFO - Entering main loop
2025-12-30 14:18:25,678 - gui.main_window - INFO - Cleaning up resources...
2025-12-30 14:18:25,680 - gui.main_window - INFO - Cleanup completed
2025-12-30 14:18:53,434 - root - INFO - Logging initialized. Log file: logs/app_20251230.log
2025-12-30 14:18:54,283 - __main__ - INFO - Starting Secure OSINT Storage System...
2025-12-30 14:18:54,614 - core.security - INFO - Security monitor initialized
2025-12-30 14:18:54,618 - core.backup - INFO - Backup manager initialized. Backups stored in: data/backups
2025-12-30 14:18:54,693 - gui.main_window - INFO - Main application initialized
2025-12-30 14:18:55,061 - __main__ - INFO - Entering main loop
2025-12-30 14:21:57,153 - gui.main_window - INFO - Cleaning up resources...
2025-12-30 14:21:57,159 - gui.main_window - INFO - Cleanup completed
2025-12-30 14:22:00,049 - root - INFO - Logging initialized. Log file: logs/app_20251230.log
2025-12-30 14:22:00,741 - __main__ - INFO - Starting Secure OSINT Storage System...
2025-12-30 14:22:01,039 - core.security - INFO - Security monitor initialized
2025-12-30 14:22:01,040 - core.backup - INFO - Backup manager initialized. Backups stored in: data/backups
2025-12-30 14:22:01,095 - gui.main_window - INFO - Main application initialized
2025-12-30 14:22:01,323 - __main__ - INFO - Entering main loop
2025-12-30 14:23:32,735 - gui.main_window - INFO - Cleaning up resources...
2025-12-30 14:23:32,739 - gui.main_window - INFO - Cleanup completed
2025-12-30 14:49:43,429 - root - INFO - Logging initialized. Log file: logs/app_20251230.log
2025-12-30 14:49:45,257 - __main__ - INFO - Starting Secure OSINT Storage System...
2025-12-30 14:49:45,650 - core.security - INFO - Security monitor initialized
2025-12-30 14:49:45,651 - core.backup - INFO - Backup manager initialized. Backups stored in: data/backups
2025-12-30 14:49:45,733 - gui.main_window - INFO - Main application initialized
2025-12-30 14:49:46,071 - __main__ - INFO - Entering main loop
2025-12-30 14:53:04,256 - gui.main_window - INFO - Cleaning up resources...
2025-12-30 14:53:04,262 - gui.main_window - INFO - Cleanup completed
2025-12-30 14:53:07,451 - root - INFO - Logging initialized. Log file: logs/app_20251230.log
2025-12-30 14:53:08,205 - __main__ - INFO - Starting Secure OSINT Storage System...
2025-12-30 14:53:08,462 - core.security - INFO - Security monitor initialized
2025-12-30 14:53:08,463 - core.backup - INFO - Backup manager initialized. Backups stored in: data/backups
2025-12-30 14:53:08,527 - gui.main_window - INFO - Main application initialized
2025-12-30 14:53:08,789 - __main__ - INFO - Entering main loop
2025-12-30 14:53:50,054 - gui.main_window - INFO - Cleaning up resources...
2025-12-30 14:53:50,058 - gui.main_window - INFO - Cleanup completed
2025-12-30 14:58:54,023 - root - INFO - Logging initialized. Log file: logs/app_20251230.log
2025-12-30 14:58:54,871 - __main__ - INFO - Starting Secure OSINT Storage System...
2025-12-30 14:58:55,136 - core.security - INFO - Security monitor initialized
2025-12-30 14:58:55,137 - core.backup - INFO - Backup manager initialized. Backups stored in: data/backups
2025-12-30 14:58:55,200 - gui.main_window - INFO - Main application initialized
2025-12-30 14:58:55,446 - __main__ - INFO - Entering main loop
2025-12-30 14:59:41,944 - gui.main_window - INFO - Cleaning up resources...
2025-12-30 14:59:41,945 - gui.main_window - INFO - Cleanup completed
2025-12-30 15:01:40,470 - root - INFO - Logging initialized. Log file: logs/app_20251230.log
2025-12-30 15:01:41,263 - __main__ - INFO - Starting Secure OSINT Storage System...
2025-12-30 15:01:41,523 - core.security - INFO - Security monitor initialized
2025-12-30 15:01:41,524 - core.backup - INFO - Backup manager initialized. Backups stored in: data/backups
2025-12-30 15:01:41,584 - gui.main_window - INFO - Main application initialized
2025-12-30 15:01:41,847 - __main__ - INFO - Entering main loop
2025-12-30 15:02:04,216 - gui.main_window - INFO - Cleaning up resources...
2025-12-30 15:02:04,222 - gui.main_window - INFO - Cleanup completed
2025-12-30 15:04:27,299 - root - INFO - Logging initialized. Log file: logs/app_20251230.log
2025-12-30 15:04:27,671 - __main__ - ERROR - Import error: No module named 'schedule'
2025-12-30 15:06:50,670 - root - INFO - Logging initialized. Log file: logs/app_20251230.log
2025-12-30 15:06:53,733 - __main__ - INFO - Starting Secure OSINT Storage System...
2025-12-30 15:06:54,081 - core.security - INFO - Security monitor initialized
2025-12-30 15:06:54,082 - core.backup - INFO - Backup manager initialized. Backups stored in: data/backups
2025-12-30 15:06:54,174 - gui.main_window - INFO - Main application initialized
2025-12-30 15:06:54,604 - __main__ - INFO - Entering main loop
2025-12-30 15:18:59,400 - gui.main_window - INFO - Cleaning up resources...
2025-12-30 15:18:59,405 - gui.main_window - INFO - Cleanup completed
2025-12-30 15:24:31,736 - root - INFO - Logging initialized. Log file: logs/app_20251230.log
2025-12-30 15:24:32,471 - __main__ - INFO - Starting Secure OSINT Storage System...
2025-12-30 15:24:32,865 - core.security - INFO - Security monitor initialized
2025-12-30 15:24:32,866 - core.backup - INFO - Backup manager initialized. Backups stored in: data/backups
2025-12-30 15:24:32,933 - gui.main_window - INFO - Main application initialized
2025-12-30 15:24:33,240 - __main__ - INFO - Entering main loop
2025-12-30 15:25:19,174 - gui.credentials_manager - ERROR - Failed to save credential: EncryptionManager.encrypt_data() missing 1 required positional argument: 'key'
2025-12-30 15:26:50,369 - gui.main_window - INFO - Cleaning up resources...
2025-12-30 15:26:50,371 - gui.main_window - INFO - Cleanup completed
2025-12-30 15:26:50,968 - gui.main_window - INFO - Cleaning up resources...
2025-12-30 15:26:50,968 - gui.main_window - INFO - Cleanup completed
2025-12-30 15:27:05,359 - root - INFO - Logging initialized. Log file: logs/app_20251230.log
2025-12-30 15:27:06,186 - __main__ - INFO - Starting Secure OSINT Storage System...
2025-12-30 15:27:06,442 - core.security - INFO - Security monitor initialized
2025-12-30 15:27:06,444 - core.backup - INFO - Backup manager initialized. Backups stored in: data/backups
2025-12-30 15:27:06,507 - gui.main_window - INFO - Main application initialized
2025-12-30 15:27:06,875 - __main__ - INFO - Entering main loop
2025-12-30 15:27:48,569 - gui.credentials_manager - INFO - Credential created for hash
2025-12-30 15:27:51,599 - gui.credentials_manager - ERROR - Breach check failed: EncryptionManager.decrypt_data() missing 1 required positional argument: 'key'
2025-12-30 15:28:39,911 - core.api_integrations - INFO - API key set for virustotal
2025-12-30 15:29:56,676 - gui.main_window - INFO - Cleaning up resources...
2025-12-30 15:29:56,677 - gui.main_window - INFO - Cleanup completed
2025-12-30 15:29:59,330 - root - INFO - Logging initialized. Log file: logs/app_20251230.log
2025-12-30 15:30:00,068 - __main__ - INFO - Starting Secure OSINT Storage System...
2025-12-30 15:30:00,424 - core.security - INFO - Security monitor initialized
2025-12-30 15:30:00,425 - core.backup - INFO - Backup manager initialized. Backups stored in: data/backups
2025-12-30 15:30:00,485 - gui.main_window - INFO - Main application initialized
2025-12-30 15:30:00,832 - __main__ - INFO - Entering main loop
2025-12-30 15:30:48,821 - gui.credentials_manager - INFO - Credential created for hash
2025-12-30 15:31:03,606 - core.breach_checker - WARNING - Password found in 74 breaches
2025-12-30 15:41:13,545 - root - INFO - Logging initialized. Log file: logs/app_20251230.log
2025-12-30 15:41:14,332 - __main__ - INFO - Starting Secure OSINT Storage System...
2025-12-30 15:41:14,600 - core.security - INFO - Security monitor initialized
2025-12-30 15:41:14,601 - core.backup - INFO - Backup manager initialized. Backups stored in: data/backups
2025-12-30 15:41:14,670 - gui.main_window - INFO - Main application initialized
2025-12-30 15:41:15,071 - __main__ - INFO - Entering main loop
2025-12-30 15:42:25,837 - gui.main_window - INFO - Cleaning up resources...
2025-12-30 15:42:25,841 - gui.main_window - INFO - Cleanup completed
2025-12-30 15:43:46,581 - gui.credentials_manager - INFO - Credential created for haha
2025-12-30 15:44:42,362 - gui.credentials_manager - INFO - Credential created for xxzxcz
2025-12-30 15:45:06,860 - core.breach_checker - WARNING - Password found in 525678 breaches
2025-12-30 15:59:39,011 - core.encryption - INFO - File encrypted: /home/hackxtra/Desktop/API.txt -> /home/hackxtra/Desktop/API.txt.encrypted
2025-12-30 16:00:44,387 - core.encryption - INFO - File decrypted: /home/hackxtra/Desktop/API.txt.encrypted -> /home/hackxtra/Desktop/API.txt.decrypted
2025-12-30 16:04:08,794 - core.api_integrations - INFO - API key set for virustotal
2025-12-30 16:06:19,777 - gui.main_window - INFO - Cleaning up resources...
2025-12-30 16:06:19,782 - gui.main_window - INFO - Cleanup completed
2025-12-30 16:07:07,572 - root - INFO - Logging initialized. Log file: logs/app_20251230.log
2025-12-30 16:07:08,493 - __main__ - INFO - Starting Secure OSINT Storage System...
2025-12-30 16:07:08,770 - core.security - INFO - Security monitor initialized
2025-12-30 16:07:08,771 - core.backup - INFO - Backup manager initialized. Backups stored in: data/backups
2025-12-30 16:07:08,855 - gui.main_window - INFO - Main application initialized
2025-12-30 16:07:09,303 - __main__ - INFO - Entering main loop
2025-12-30 16:08:05,521 - gui.main_window - INFO - Cleaning up resources...
2025-12-30 16:08:05,526 - gui.main_window - INFO - Cleanup completed
2025-12-30 16:17:09,252 - root - INFO - Logging initialized. Log file: logs/app_20251230.log
2025-12-30 16:17:10,010 - __main__ - INFO - Starting Secure OSINT Storage System...
2025-12-30 16:17:10,264 - core.security - INFO - Security monitor initialized
2025-12-30 16:17:10,265 - core.backup - INFO - Backup manager initialized. Backups stored in: data/backups
2025-12-30 16:17:10,319 - __main__ - ERROR - Application failed to start: 'MainApplication' object has no attribute 'show_authentication'
Traceback (most recent call last):
  File "/home/hackxtra/Documents/Software/Project-OSdb/main.py", line 50, in main
    app = MainApplication(root)
          ^^^^^^^^^^^^^^^^^^^^^
  File "/home/hackxtra/Documents/Software/Project-OSdb/gui/main_window.py", line 117, in __init__
    self.show_authentication()
    ^^^^^^^^^^^^^^^^^^^^^^^^
AttributeError: 'MainApplication' object has no attribute 'show_authentication'
2025-12-30 16:18:01,884 - root - INFO - Logging initialized. Log file: logs/app_20251230.log
2025-12-30 16:18:02,945 - __main__ - INFO - Starting Secure OSINT Storage System...
2025-12-30 16:18:03,207 - core.security - INFO - Security monitor initialized
2025-12-30 16:18:03,208 - core.backup - INFO - Backup manager initialized. Backups stored in: data/backups
2025-12-30 16:18:03,278 - gui.main_window - INFO - Main application initialized
2025-12-30 16:18:03,720 - __main__ - INFO - Entering main loop
2025-12-30 16:18:15,283 - root - INFO - Logging initialized. Log file: logs/app_20251230.log
2025-12-30 16:18:16,280 - __main__ - INFO - Starting Secure OSINT Storage System...
2025-12-30 16:18:16,669 - core.security - INFO - Security monitor initialized
2025-12-30 16:18:16,672 - core.backup - INFO - Backup manager initialized. Backups stored in: data/backups
2025-12-30 16:18:16,784 - gui.main_window - INFO - Main application initialized
2025-12-30 16:18:17,237 - __main__ - INFO - Entering main loop
2025-12-30 16:20:18,320 - gui.main_window - INFO - Loaded session timeout: 1 minutes
2025-12-30 16:20:20,424 - gui.main_window - INFO - Cleaning up resources...
2025-12-30 16:20:20,425 - gui.main_window - INFO - Cleanup completed
2025-12-30 16:20:21,681 - gui.main_window - INFO - Cleaning up resources...
2025-12-30 16:20:21,686 - gui.main_window - INFO - Cleanup completed
2025-12-30 16:33:25,928 - root - INFO - Logging initialized. Log file: logs/app_20251230.log
2025-12-30 16:33:26,892 - __main__ - INFO - Starting Secure OSINT Storage System...
2025-12-30 16:33:27,167 - core.security - INFO - Security monitor initialized
2025-12-30 16:33:27,169 - core.backup - INFO - Backup manager initialized. Backups stored in: data/backups
2025-12-30 16:33:27,248 - gui.main_window - INFO - Main application initialized
2025-12-30 16:33:27,827 - __main__ - INFO - Entering main loop
2025-12-30 16:49:10,436 - gui.main_window - INFO - Loaded session timeout: 1 minutes
2025-12-30 16:50:10,710 - gui.main_window - INFO - Cleaning up resources...
2025-12-30 16:50:10,714 - gui.main_window - INFO - Cleanup completed
